{
  "stats": {
    "suites": 1,
    "tests": 5,
    "passes": 5,
    "pending": 0,
    "failures": 0,
    "start": "2022-02-07T07:34:21.275Z",
    "end": "2022-02-07T07:34:48.956Z",
    "duration": 27681,
    "testsRegistered": 5,
    "passPercent": 100,
    "pendingPercent": 0,
    "other": 0,
    "hasOther": false,
    "skipped": 0,
    "hasSkipped": false
  },
  "results": [
    {
      "uuid": "039a70dc-48a0-428f-9957-c25d2fb929bb",
      "title": "",
      "fullFile": "cypress/integration/CreatePost.spec.js",
      "file": "cypress/integration/CreatePost.spec.js",
      "beforeHooks": [],
      "afterHooks": [],
      "tests": [],
      "suites": [
        {
          "uuid": "b1ab7801-5b1f-4ba7-a384-55babfbb1f88",
          "title": "Create Post Test",
          "fullFile": "",
          "file": "",
          "beforeHooks": [],
          "afterHooks": [],
          "tests": [
            {
              "title": "Validate that Title Field is Required",
              "fullTitle": "Create Post Test Validate that Title Field is Required",
              "timedOut": null,
              "duration": 12283,
              "state": "passed",
              "speed": "slow",
              "pass": true,
              "fail": false,
              "pending": false,
              "context": null,
              "code": "cy.postTitleEmpty();",
              "err": {},
              "uuid": "41d4fc67-f41b-49e8-80dc-2f19227c4c70",
              "parentUUID": "b1ab7801-5b1f-4ba7-a384-55babfbb1f88",
              "isHook": false,
              "skipped": false
            },
            {
              "title": "Validate that About Field is Required",
              "fullTitle": "Create Post Test Validate that About Field is Required",
              "timedOut": null,
              "duration": 3455,
              "state": "passed",
              "speed": "fast",
              "pass": true,
              "fail": false,
              "pending": false,
              "context": null,
              "code": "cy.postAboutEmpty();",
              "err": {},
              "uuid": "39f90c1a-1ece-4298-b111-cc7643bb9842",
              "parentUUID": "b1ab7801-5b1f-4ba7-a384-55babfbb1f88",
              "isHook": false,
              "skipped": false
            },
            {
              "title": "Validate that Main Field is Required",
              "fullTitle": "Create Post Test Validate that Main Field is Required",
              "timedOut": null,
              "duration": 3070,
              "state": "passed",
              "speed": "fast",
              "pass": true,
              "fail": false,
              "pending": false,
              "context": null,
              "code": "cy.postMainEmpty();",
              "err": {},
              "uuid": "2c1fa6c8-3db3-4a20-9b98-20b8d7c75b73",
              "parentUUID": "b1ab7801-5b1f-4ba7-a384-55babfbb1f88",
              "isHook": false,
              "skipped": false
            },
            {
              "title": "Validate that Title is Unique",
              "fullTitle": "Create Post Test Validate that Title is Unique",
              "timedOut": null,
              "duration": 4631,
              "state": "passed",
              "speed": "fast",
              "pass": true,
              "fail": false,
              "pending": false,
              "context": null,
              "code": "cy.enterExistingTitle();",
              "err": {},
              "uuid": "514d9fa5-da92-44cb-b9d5-c6d76ebec7ed",
              "parentUUID": "b1ab7801-5b1f-4ba7-a384-55babfbb1f88",
              "isHook": false,
              "skipped": false
            },
            {
              "title": "Validate that Comment Page Shows if Post Creation was Successful",
              "fullTitle": "Create Post Test Validate that Comment Page Shows if Post Creation was Successful",
              "timedOut": null,
              "duration": 4087,
              "state": "passed",
              "speed": "fast",
              "pass": true,
              "fail": false,
              "pending": false,
              "context": null,
              "code": "cy.createNewPost();",
              "err": {},
              "uuid": "91417c78-b3ae-4a9d-8180-475553b15e7d",
              "parentUUID": "b1ab7801-5b1f-4ba7-a384-55babfbb1f88",
              "isHook": false,
              "skipped": false
            }
          ],
          "suites": [],
          "passes": [
            "41d4fc67-f41b-49e8-80dc-2f19227c4c70",
            "39f90c1a-1ece-4298-b111-cc7643bb9842",
            "2c1fa6c8-3db3-4a20-9b98-20b8d7c75b73",
            "514d9fa5-da92-44cb-b9d5-c6d76ebec7ed",
            "91417c78-b3ae-4a9d-8180-475553b15e7d"
          ],
          "failures": [],
          "pending": [],
          "skipped": [],
          "duration": 27526,
          "root": false,
          "rootEmpty": false,
          "_timeout": 2000
        }
      ],
      "passes": [],
      "failures": [],
      "pending": [],
      "skipped": [],
      "duration": 0,
      "root": true,
      "rootEmpty": true,
      "_timeout": 2000
    }
  ],
  "meta": {
    "mocha": {
      "version": "7.0.1"
    },
    "mochawesome": {
      "options": {
        "quiet": false,
        "reportFilename": "mochawesome",
        "saveHtml": true,
        "saveJson": true,
        "consoleReporter": "spec",
        "useInlineDiffs": false,
        "code": true
      },
      "version": "7.0.1"
    },
    "marge": {
      "options": {
        "id": "default",
        "reportDir": "cypress/reports/mocha",
        "quite": true,
        "overwrite": false,
        "html": true,
        "json": true
      },
      "version": "6.0.1"
    }
  }
}