{
  "stats": {
    "suites": 1,
    "tests": 1,
    "passes": 1,
    "pending": 0,
    "failures": 0,
    "start": "2022-02-07T07:35:41.372Z",
    "end": "2022-02-07T07:35:46.091Z",
    "duration": 4719,
    "testsRegistered": 1,
    "passPercent": 100,
    "pendingPercent": 0,
    "other": 0,
    "hasOther": false,
    "skipped": 0,
    "hasSkipped": false
  },
  "results": [
    {
      "uuid": "7092af9b-7931-4b4a-af8d-f114abad921f",
      "title": "",
      "fullFile": "cypress/integration/SignOut.spec.js",
      "file": "cypress/integration/SignOut.spec.js",
      "beforeHooks": [],
      "afterHooks": [],
      "tests": [],
      "suites": [
        {
          "uuid": "f95a9156-929f-4f2c-b978-656ce652c3c2",
          "title": "Sign Out",
          "fullFile": "",
          "file": "",
          "beforeHooks": [],
          "afterHooks": [],
          "tests": [
            {
              "title": "Sign out of the website",
              "fullTitle": "Sign Out Sign out of the website",
              "timedOut": null,
              "duration": 4663,
              "state": "passed",
              "speed": "fast",
              "pass": true,
              "fail": false,
              "pending": false,
              "context": null,
              "code": "cy.signOut();",
              "err": {},
              "uuid": "9e8ef79f-ae6b-4c79-a59f-afd27a70350b",
              "parentUUID": "f95a9156-929f-4f2c-b978-656ce652c3c2",
              "isHook": false,
              "skipped": false
            }
          ],
          "suites": [],
          "passes": [
            "9e8ef79f-ae6b-4c79-a59f-afd27a70350b"
          ],
          "failures": [],
          "pending": [],
          "skipped": [],
          "duration": 4663,
          "root": false,
          "rootEmpty": false,
          "_timeout": 2000
        }
      ],
      "passes": [],
      "failures": [],
      "pending": [],
      "skipped": [],
      "duration": 0,
      "root": true,
      "rootEmpty": true,
      "_timeout": 2000
    }
  ],
  "meta": {
    "mocha": {
      "version": "7.0.1"
    },
    "mochawesome": {
      "options": {
        "quiet": false,
        "reportFilename": "mochawesome",
        "saveHtml": true,
        "saveJson": true,
        "consoleReporter": "spec",
        "useInlineDiffs": false,
        "code": true
      },
      "version": "7.0.1"
    },
    "marge": {
      "options": {
        "id": "default",
        "reportDir": "cypress/reports/mocha",
        "quite": true,
        "overwrite": false,
        "html": true,
        "json": true
      },
      "version": "6.0.1"
    }
  }
}