{
  "stats": {
    "suites": 1,
    "tests": 1,
    "passes": 1,
    "pending": 0,
    "failures": 0,
    "start": "2022-02-07T07:34:57.705Z",
    "end": "2022-02-07T07:35:11.190Z",
    "duration": 13485,
    "testsRegistered": 1,
    "passPercent": 100,
    "pendingPercent": 0,
    "other": 0,
    "hasOther": false,
    "skipped": 0,
    "hasSkipped": false
  },
  "results": [
    {
      "uuid": "db5c8be0-5515-4163-90f9-142c6ada565b",
      "title": "",
      "fullFile": "cypress/integration/DeletePost.spec.js",
      "file": "cypress/integration/DeletePost.spec.js",
      "beforeHooks": [],
      "afterHooks": [],
      "tests": [],
      "suites": [
        {
          "uuid": "1601075a-f57a-478e-a628-ee4ce57c7e33",
          "title": "Delete a Post",
          "fullFile": "",
          "file": "",
          "beforeHooks": [],
          "afterHooks": [],
          "tests": [
            {
              "title": "Delete a Post",
              "fullTitle": "Delete a Post Delete a Post",
              "timedOut": null,
              "duration": 13311,
              "state": "passed",
              "speed": "slow",
              "pass": true,
              "fail": false,
              "pending": false,
              "context": null,
              "code": "cy.deletePost();",
              "err": {},
              "uuid": "bbfd9699-7efd-459f-a21c-9f9940320491",
              "parentUUID": "1601075a-f57a-478e-a628-ee4ce57c7e33",
              "isHook": false,
              "skipped": false
            }
          ],
          "suites": [],
          "passes": [
            "bbfd9699-7efd-459f-a21c-9f9940320491"
          ],
          "failures": [],
          "pending": [],
          "skipped": [],
          "duration": 13311,
          "root": false,
          "rootEmpty": false,
          "_timeout": 2000
        }
      ],
      "passes": [],
      "failures": [],
      "pending": [],
      "skipped": [],
      "duration": 0,
      "root": true,
      "rootEmpty": true,
      "_timeout": 2000
    }
  ],
  "meta": {
    "mocha": {
      "version": "7.0.1"
    },
    "mochawesome": {
      "options": {
        "quiet": false,
        "reportFilename": "mochawesome",
        "saveHtml": true,
        "saveJson": true,
        "consoleReporter": "spec",
        "useInlineDiffs": false,
        "code": true
      },
      "version": "7.0.1"
    },
    "marge": {
      "options": {
        "id": "default",
        "reportDir": "cypress/reports/mocha",
        "quite": true,
        "overwrite": false,
        "html": true,
        "json": true
      },
      "version": "6.0.1"
    }
  }
}