{
  "stats": {
    "suites": 1,
    "tests": 1,
    "passes": 1,
    "pending": 0,
    "failures": 0,
    "start": "2022-02-07T07:30:51.310Z",
    "end": "2022-02-07T07:30:58.063Z",
    "duration": 6753,
    "testsRegistered": 1,
    "passPercent": 100,
    "pendingPercent": 0,
    "other": 0,
    "hasOther": false,
    "skipped": 0,
    "hasSkipped": false
  },
  "results": [
    {
      "uuid": "24de0344-5779-4f47-80ac-611ea137672c",
      "title": "",
      "fullFile": "cypress/integration/VisitConduit.spec.js",
      "file": "cypress/integration/VisitConduit.spec.js",
      "beforeHooks": [],
      "afterHooks": [],
      "tests": [],
      "suites": [
        {
          "uuid": "9275a8dd-781c-4db8-b02f-5efe8cb3f2a8",
          "title": "Navigate to Conduit Website",
          "fullFile": "",
          "file": "",
          "beforeHooks": [],
          "afterHooks": [],
          "tests": [
            {
              "title": "Validate that a User Can Access the Conduit Website",
              "fullTitle": "Navigate to Conduit Website Validate that a User Can Access the Conduit Website",
              "timedOut": null,
              "duration": 6630,
              "state": "passed",
              "speed": "medium",
              "pass": true,
              "fail": false,
              "pending": false,
              "context": null,
              "code": "cy.navigateToConduitSite();",
              "err": {},
              "uuid": "f9162cd5-16c0-4199-b07d-981f66331a11",
              "parentUUID": "9275a8dd-781c-4db8-b02f-5efe8cb3f2a8",
              "isHook": false,
              "skipped": false
            }
          ],
          "suites": [],
          "passes": [
            "f9162cd5-16c0-4199-b07d-981f66331a11"
          ],
          "failures": [],
          "pending": [],
          "skipped": [],
          "duration": 6630,
          "root": false,
          "rootEmpty": false,
          "_timeout": 2000
        }
      ],
      "passes": [],
      "failures": [],
      "pending": [],
      "skipped": [],
      "duration": 0,
      "root": true,
      "rootEmpty": true,
      "_timeout": 2000
    }
  ],
  "meta": {
    "mocha": {
      "version": "7.0.1"
    },
    "mochawesome": {
      "options": {
        "quiet": false,
        "reportFilename": "mochawesome",
        "saveHtml": true,
        "saveJson": true,
        "consoleReporter": "spec",
        "useInlineDiffs": false,
        "code": true
      },
      "version": "7.0.1"
    },
    "marge": {
      "options": {
        "reporterEnabled": "mochawesome",
        "mochawesomeReporterOptions": {
          "reportDir": "cypress/reports/mocha",
          "quite": true,
          "overwrite": false,
          "html": true,
          "json": true
        }
      },
      "version": "6.0.1"
    }
  }
}